<?xml version="1.0" encoding="UTF-8"?>
<!-- Generated by org.testng.reporters.JUnitXMLReporter -->
<testsuite hostname="LAPTOP-6B3V8HVN" ignored="0" name="Test" tests="1" failures="0" timestamp="29 Nov 2022 18:50:09 GMT" time="5.874" errors="0">
  <testcase name="@AfterTest Browserclose" time="0.0" classname="Test.LoginTest">
    <failure type="java.lang.NullPointerException">
      <![CDATA[java.lang.NullPointerException
at Test.LoginTest.Browserclose(LoginTest.java:58)
... Removed 24 stack frames]]>
    </failure>
  </testcase> <!-- @AfterTest Browserclose -->
  <testcase name="cwapwa" time="0.026" classname="Test.LoginTest"/>
</testsuite> <!-- Test -->
