<?xml version="1.0" encoding="UTF-8"?>
<testng-results skipped="0" failed="0" ignored="0" total="1" passed="1">
  <reporter-output>
  </reporter-output>
  <suite name="Default suite" duration-ms="10946" started-at="2021-07-01T11:35:59Z" finished-at="2021-07-01T11:36:10Z">
    <groups>
    </groups>
    <test name="Default test" duration-ms="10946" started-at="2021-07-01T11:35:59Z" finished-at="2021-07-01T11:36:10Z">
      <class name="Test.AddEmployeeScrapingTest">
        <test-method status="PASS" signature="Browserstart()[pri:0, instance:Test.AddEmployeeScrapingTest@3fee9989]" name="Browserstart" is-config="true" duration-ms="8234" started-at="2021-07-01T17:05:59Z" finished-at="2021-07-01T17:06:07Z">
          <reporter-output>
          </reporter-output>
        </test-method> <!-- Browserstart -->
        <test-method status="PASS" signature="AddEmployeetoShiftWise()[pri:0, instance:Test.AddEmployeeScrapingTest@3fee9989]" name="AddEmployeetoShiftWise" duration-ms="1694" started-at="2021-07-01T17:06:07Z" finished-at="2021-07-01T17:06:09Z">
          <reporter-output>
          </reporter-output>
        </test-method> <!-- AddEmployeetoShiftWise -->
        <test-method status="PASS" signature="Browserclose()[pri:0, instance:Test.AddEmployeeScrapingTest@3fee9989]" name="Browserclose" is-config="true" duration-ms="997" started-at="2021-07-01T17:06:09Z" finished-at="2021-07-01T17:06:10Z">
          <reporter-output>
          </reporter-output>
        </test-method> <!-- Browserclose -->
      </class> <!-- Test.AddEmployeeScrapingTest -->
    </test> <!-- Default test -->
  </suite> <!-- Default suite -->
</testng-results>
