<?xml version="1.0" encoding="UTF-8"?>
<testng-results skipped="0" failed="0" ignored="0" total="1" passed="1">
  <reporter-output>
  </reporter-output>
  <suite name="Default suite" duration-ms="37895" started-at="2022-11-30T11:56:30Z" finished-at="2022-11-30T11:57:08Z">
    <groups>
    </groups>
    <test name="Default test" duration-ms="37895" started-at="2022-11-30T11:56:30Z" finished-at="2022-11-30T11:57:08Z">
      <class name="Test.LoginTest">
        <test-method status="PASS" signature="browserlogin()[pri:0, instance:Test.LoginTest@3327bd23]" name="browserlogin" is-config="true" duration-ms="6842" started-at="2022-11-30T11:56:30Z" finished-at="2022-11-30T11:56:37Z">
          <reporter-output>
          </reporter-output>
        </test-method> <!-- browserlogin -->
        <test-method status="PASS" signature="cwapwa()[pri:0, instance:Test.LoginTest@3327bd23]" name="cwapwa" duration-ms="30710" started-at="2022-11-30T11:56:37Z" finished-at="2022-11-30T11:57:08Z">
          <reporter-output>
          </reporter-output>
        </test-method> <!-- cwapwa -->
        <test-method status="PASS" signature="Browserclose()[pri:0, instance:Test.LoginTest@3327bd23]" name="Browserclose" is-config="true" duration-ms="329" started-at="2022-11-30T11:57:08Z" finished-at="2022-11-30T11:57:08Z">
          <reporter-output>
          </reporter-output>
        </test-method> <!-- Browserclose -->
      </class> <!-- Test.LoginTest -->
    </test> <!-- Default test -->
  </suite> <!-- Default suite -->
</testng-results>
